2018-06-12 13:51 +08:00: Error: ER_DATA_TOO_LONG: Data too long for column 'guests_job' at row 1
    at Query.Sequence._packetToError (C:\Users\Administrator\Desktop\IV-\工作室小程序\server\zdh\node_modules\mysql\lib\protocol\sequences\Sequence.js:52:14)
    at Query.ErrorPacket (C:\Users\Administrator\Desktop\IV-\工作室小程序\server\zdh\node_modules\mysql\lib\protocol\sequences\Query.js:77:18)
    at Protocol._parsePacket (C:\Users\Administrator\Desktop\IV-\工作室小程序\server\zdh\node_modules\mysql\lib\protocol\Protocol.js:279:23)
    at Parser.write (C:\Users\Administrator\Desktop\IV-\工作室小程序\server\zdh\node_modules\mysql\lib\protocol\Parser.js:76:12)
    at Protocol.write (C:\Users\Administrator\Desktop\IV-\工作室小程序\server\zdh\node_modules\mysql\lib\protocol\Protocol.js:39:18)
    at Socket.<anonymous> (C:\Users\Administrator\Desktop\IV-\工作室小程序\server\zdh\node_modules\mysql\lib\Connection.js:103:28)
    at emitOne (events.js:115:13)
    at Socket.emit (events.js:210:7)
    at addChunk (_stream_readable.js:250:12)
    at readableAddChunk (_stream_readable.js:237:11)
    --------------------
    at Protocol._enqueue (C:\Users\Administrator\Desktop\IV-\工作室小程序\server\zdh\node_modules\mysql\lib\protocol\Protocol.js:145:48)
    at PoolConnection.query (C:\Users\Administrator\Desktop\IV-\工作室小程序\server\zdh\node_modules\mysql\lib\Connection.js:208:25)
    at C:\Users\Administrator\Desktop\IV-\工作室小程序\server\zdh\dao\guestsDao.js:21:32
    at nextTask (C:\Users\Administrator\Desktop\IV-\工作室小程序\server\zdh\node_modules\async\dist\async.js:5310:14)
    at next (C:\Users\Administrator\Desktop\IV-\工作室小程序\server\zdh\node_modules\async\dist\async.js:5317:9)
    at C:\Users\Administrator\Desktop\IV-\工作室小程序\server\zdh\node_modules\async\dist\async.js:958:16
    at Query._callback (C:\Users\Administrator\Desktop\IV-\工作室小程序\server\zdh\dao\guestsDao.js:18:25)
    at Query.Sequence.end (C:\Users\Administrator\Desktop\IV-\工作室小程序\server\zdh\node_modules\mysql\lib\protocol\sequences\Sequence.js:88:24)
    at Query._handleFinalResultPacket (C:\Users\Administrator\Desktop\IV-\工作室小程序\server\zdh\node_modules\mysql\lib\protocol\sequences\Query.js:139:8)
    at Query.EofPacket (C:\Users\Administrator\Desktop\IV-\工作室小程序\server\zdh\node_modules\mysql\lib\protocol\sequences\Query.js:123:8)
